c:\projects\visualstudio\rtu(2023-2024)\md21\md21\x64\debug\vc143.pdb
c:\projects\visualstudio\rtu(2023-2024)\md21\md21\x64\debug\vc143.idb
c:\projects\visualstudio\rtu(2023-2024)\md21\md21\x64\debug\labyrinthprinter.obj
c:\projects\visualstudio\rtu(2023-2024)\md21\md21\x64\debug\labyrinthfield.obj
c:\projects\visualstudio\rtu(2023-2024)\md21\md21\x64\debug\labyrinthcell.obj
c:\projects\visualstudio\rtu(2023-2024)\md21\md21\x64\debug\labyrinthsolver.obj
c:\projects\visualstudio\rtu(2023-2024)\md21\md21\x64\debug\labyrinthfieldwithouthalts.obj
c:\projects\visualstudio\rtu(2023-2024)\md21\md21\x64\debug\labyrinthfieldwithhalts.obj
c:\projects\visualstudio\rtu(2023-2024)\md21\md21\x64\debug\labyrinthansicolors.obj
c:\projects\visualstudio\rtu(2023-2024)\md21\x64\debug\md21.exe
c:\projects\visualstudio\rtu(2023-2024)\md21\x64\debug\md21.pdb
c:\projects\visualstudio\rtu(2023-2024)\md21\md21\x64\debug\md21.ilk
c:\projects\visualstudio\rtu(2023-2024)\md21\md21\x64\debug\md21.tlog\cl.command.1.tlog
c:\projects\visualstudio\rtu(2023-2024)\md21\md21\x64\debug\md21.tlog\cl.items.tlog
c:\projects\visualstudio\rtu(2023-2024)\md21\md21\x64\debug\md21.tlog\cl.read.1.tlog
c:\projects\visualstudio\rtu(2023-2024)\md21\md21\x64\debug\md21.tlog\cl.write.1.tlog
c:\projects\visualstudio\rtu(2023-2024)\md21\md21\x64\debug\md21.tlog\link.command.1.tlog
c:\projects\visualstudio\rtu(2023-2024)\md21\md21\x64\debug\md21.tlog\link.read.1.tlog
c:\projects\visualstudio\rtu(2023-2024)\md21\md21\x64\debug\md21.tlog\link.secondary.1.tlog
c:\projects\visualstudio\rtu(2023-2024)\md21\md21\x64\debug\md21.tlog\link.write.1.tlog
